d:\gitrepositories\medieval_auction_house\auctionhouse\auctionhouse\debug\accessory.obj
d:\gitrepositories\medieval_auction_house\auctionhouse\auctionhouse\debug\armor.obj
d:\gitrepositories\medieval_auction_house\auctionhouse\auctionhouse\debug\attackitem.obj
d:\gitrepositories\medieval_auction_house\auctionhouse\auctionhouse\debug\auctionhouse.obj
d:\gitrepositories\medieval_auction_house\auctionhouse\auctionhouse\debug\axe.obj
d:\gitrepositories\medieval_auction_house\auctionhouse\auctionhouse\debug\bomb.obj
d:\gitrepositories\medieval_auction_house\auctionhouse\auctionhouse\debug\costume.obj
d:\gitrepositories\medieval_auction_house\auctionhouse\auctionhouse\debug\decorateitem.obj
d:\gitrepositories\medieval_auction_house\auctionhouse\auctionhouse\debug\defenseitem.obj
d:\gitrepositories\medieval_auction_house\auctionhouse\auctionhouse\debug\handgun.obj
d:\gitrepositories\medieval_auction_house\auctionhouse\auctionhouse\debug\helmets.obj
d:\gitrepositories\medieval_auction_house\auctionhouse\auctionhouse\debug\inventory.obj
d:\gitrepositories\medieval_auction_house\auctionhouse\auctionhouse\debug\item.obj
d:\gitrepositories\medieval_auction_house\auctionhouse\auctionhouse\debug\maindriver.obj
d:\gitrepositories\medieval_auction_house\auctionhouse\auctionhouse\debug\shield.obj
d:\gitrepositories\medieval_auction_house\auctionhouse\auctionhouse\debug\sword.obj
d:\gitrepositories\medieval_auction_house\auctionhouse\auctionhouse\debug\utilities.obj
d:\gitrepositories\medieval_auction_house\auctionhouse\auctionhouse\debug\vc143.idb
d:\gitrepositories\medieval_auction_house\auctionhouse\auctionhouse\debug\vc143.pdb
d:\gitrepositories\medieval_auction_house\auctionhouse\auctionhouse\debug\auctionhouse.tlog\cl.command.1.tlog
